#-----------------------------------------------------------
# Vivado v2017.1 (64-bit)
# SW Build 1846317 on Fri Apr 14 18:55:03 MDT 2017
# IP Build 1846188 on Fri Apr 14 20:52:08 MDT 2017
# Start of session at: Fri Jun 30 22:49:51 2017
# Process ID: 11240
# Current directory: D:/github/Digital-Logic-Design-Experiment/counter
# Command line: vivado.exe -gui_launcher_event rodinguilauncherevent5976 D:\github\Digital-Logic-Design-Experiment\counter\counter_2.xpr
# Log file: D:/github/Digital-Logic-Design-Experiment/counter/vivado.log
# Journal file: D:/github/Digital-Logic-Design-Experiment/counter\vivado.jou
#-----------------------------------------------------------
start_gui
open_project D:/github/Digital-Logic-Design-Experiment/counter/counter_2.xpr
INFO: [Project 1-313] Project file moved from 'D:/vivado/counter_2' since last save.
Scanning sources...
Finished scanning sources
INFO: [filemgmt 56-1] IP Repository Path: Directory not found as 'D:/github/Digital-Logic-Design-Experiment/jk_f_f_ip_1'; using path 'D:/vivado/jk_f_f_ip_1' instead.
INFO: [IP_Flow 19-234] Refreshing IP repositories
INFO: [IP_Flow 19-1700] Loaded user IP repository 'd:/vivado/jk_f_f_ip_1'.
INFO: [IP_Flow 19-1700] Loaded user IP repository 'd:/github/Digital-Logic-Design-Experiment/AND_ip'.
INFO: [IP_Flow 19-2313] Loaded Vivado IP repository 'D:/Xilinx/Vivado/2017.1/data/ip'.
update_compile_order -fileset sources_1
open_bd_design {D:/github/Digital-Logic-Design-Experiment/counter/counter_2.srcs/sources_1/bd/design_1/design_1.bd}
Adding cell -- xilinx.com:user:JK_f_f:1.0 - JK_f_f_0
Adding cell -- xilinx.com:user:JK_f_f:1.0 - JK_f_f_1
Adding cell -- xilinx.com:user:JK_f_f:1.0 - JK_f_f_2
Adding cell -- xilinx.com:user:JK_f_f:1.0 - JK_f_f_3
Adding cell -- xilinx.com:user:AND:1.0 - AND_0
Adding cell -- xilinx.com:user:AND:1.0 - AND_1
Adding cell -- xilinx.com:user:AND:1.0 - AND_2
Adding cell -- xilinx.com:user:AND:1.0 - AND_3
Adding cell -- xilinx.com:user:AND:1.0 - AND_4
Successfully read diagram <design_1> from BD file <D:/github/Digital-Logic-Design-Experiment/counter/counter_2.srcs/sources_1/bd/design_1/design_1.bd>
open_bd_design: Time (s): cpu = 00:00:08 ; elapsed = 00:00:06 . Memory (MB): peak = 869.984 ; gain = 75.852
exit
INFO: [Common 17-206] Exiting Vivado at Fri Jun 30 22:53:34 2017...
