#-----------------------------------------------------------
# Vivado v2017.1 (64-bit)
# SW Build 1846317 on Fri Apr 14 18:55:03 MDT 2017
# IP Build 1846188 on Fri Apr 14 20:52:08 MDT 2017
# Start of session at: Thu Jun  8 10:57:05 2017
# Process ID: 9220
# Current directory: D:/vivado/counter_2
# Command line: vivado.exe -gui_launcher_event rodinguilauncherevent10792 D:\vivado\counter_2\counter_2.xpr
# Log file: D:/vivado/counter_2/vivado.log
# Journal file: D:/vivado/counter_2\vivado.jou
#-----------------------------------------------------------
start_gui
open_project D:/vivado/counter_2/counter_2.xpr
Scanning sources...
Finished scanning sources
INFO: [IP_Flow 19-234] Refreshing IP repositories
INFO: [IP_Flow 19-1700] Loaded user IP repository 'd:/vivado/jk_f_f_ip_1'.
INFO: [IP_Flow 19-1700] Loaded user IP repository 'd:/vivado/AND_ip'.
INFO: [IP_Flow 19-2313] Loaded Vivado IP repository 'D:/Xilinx/Vivado/2017.1/data/ip'.
open_project: Time (s): cpu = 00:00:14 ; elapsed = 00:00:06 . Memory (MB): peak = 766.156 ; gain = 16.422
update_compile_order -fileset sources_1
launch_simulation
INFO: [Vivado 12-4795] Using compiled simulation libraries for IPs
INFO: [SIM-utils-51] Simulation object is 'sim_1'
INFO: [USF-XSim-7] Finding pre-compiled libraries...
INFO: [USF-XSim-11] File 'D:/Xilinx/Vivado/2017.1/data/xsim/ip/xsim_ip.ini' copied to run dir:'D:/vivado/counter_2/counter_2.sim/sim_1/behav'
INFO: [SIM-utils-54] Inspecting design source files for 'counter_sim' in fileset 'sim_1'...
INFO: [USF-XSim-97] Finding global include files...
INFO: [USF-XSim-98] Fetching design files from 'sim_1'...
INFO: [USF-XSim-2] XSim::Compile design
INFO: [USF-XSim-61] Executing 'COMPILE and ANALYZE' step in 'D:/vivado/counter_2/counter_2.sim/sim_1/behav'
"xvlog -m64 --relax -prj counter_sim_vlog.prj"
INFO: [VRFC 10-2263] Analyzing Verilog file "D:/vivado/counter_2/counter_2.ip_user_files/bd/design_1/ipshared/8e88/src/JK_f_f.v" into library xil_defaultlib
INFO: [VRFC 10-311] analyzing module JK_f_f
WARNING: [VRFC 10-2379] empty port in module declaration [D:/vivado/counter_2/counter_2.ip_user_files/bd/design_1/ipshared/8e88/src/JK_f_f.v:3]
INFO: [VRFC 10-2263] Analyzing Verilog file "D:/vivado/counter_2/counter_2.ip_user_files/bd/design_1/ip/design_1_JK_f_f_0_0/sim/design_1_JK_f_f_0_0.v" into library xil_defaultlib
INFO: [VRFC 10-311] analyzing module design_1_JK_f_f_0_0
INFO: [VRFC 10-2263] Analyzing Verilog file "D:/vivado/counter_2/counter_2.ip_user_files/bd/design_1/ip/design_1_JK_f_f_1_0/sim/design_1_JK_f_f_1_0.v" into library xil_defaultlib
INFO: [VRFC 10-311] analyzing module design_1_JK_f_f_1_0
INFO: [VRFC 10-2263] Analyzing Verilog file "D:/vivado/counter_2/counter_2.ip_user_files/bd/design_1/ip/design_1_JK_f_f_2_0/sim/design_1_JK_f_f_2_0.v" into library xil_defaultlib
INFO: [VRFC 10-311] analyzing module design_1_JK_f_f_2_0
INFO: [VRFC 10-2263] Analyzing Verilog file "D:/vivado/counter_2/counter_2.ip_user_files/bd/design_1/ip/design_1_JK_f_f_3_0/sim/design_1_JK_f_f_3_0.v" into library xil_defaultlib
INFO: [VRFC 10-311] analyzing module design_1_JK_f_f_3_0
INFO: [VRFC 10-2263] Analyzing Verilog file "D:/vivado/counter_2/counter_2.ip_user_files/bd/design_1/ipshared/7f50/src/AND.v" into library xil_defaultlib
INFO: [VRFC 10-311] analyzing module AND
INFO: [VRFC 10-2263] Analyzing Verilog file "D:/vivado/counter_2/counter_2.ip_user_files/bd/design_1/ip/design_1_AND_0_0/sim/design_1_AND_0_0.v" into library xil_defaultlib
INFO: [VRFC 10-311] analyzing module design_1_AND_0_0
INFO: [VRFC 10-2263] Analyzing Verilog file "D:/vivado/counter_2/counter_2.ip_user_files/bd/design_1/ip/design_1_AND_1_0/sim/design_1_AND_1_0.v" into library xil_defaultlib
INFO: [VRFC 10-311] analyzing module design_1_AND_1_0
INFO: [VRFC 10-2263] Analyzing Verilog file "D:/vivado/counter_2/counter_2.ip_user_files/bd/design_1/ip/design_1_AND_2_0/sim/design_1_AND_2_0.v" into library xil_defaultlib
INFO: [VRFC 10-311] analyzing module design_1_AND_2_0
INFO: [VRFC 10-2263] Analyzing Verilog file "D:/vivado/counter_2/counter_2.ip_user_files/bd/design_1/ip/design_1_AND_3_0/sim/design_1_AND_3_0.v" into library xil_defaultlib
INFO: [VRFC 10-311] analyzing module design_1_AND_3_0
INFO: [VRFC 10-2263] Analyzing Verilog file "D:/vivado/counter_2/counter_2.ip_user_files/bd/design_1/ip/design_1_AND_4_0/sim/design_1_AND_4_0.v" into library xil_defaultlib
INFO: [VRFC 10-311] analyzing module design_1_AND_4_0
INFO: [VRFC 10-2263] Analyzing Verilog file "D:/vivado/counter_2/counter_2.ip_user_files/bd/design_1/hdl/design_1.v" into library xil_defaultlib
INFO: [VRFC 10-311] analyzing module design_1
INFO: [VRFC 10-2263] Analyzing Verilog file "D:/vivado/counter_2/counter_2.srcs/sim_1/new/counter_sim.v" into library xil_defaultlib
INFO: [VRFC 10-311] analyzing module counter_sim
INFO: [VRFC 10-2263] Analyzing Verilog file "D:/vivado/counter_2/counter_2.sim/sim_1/behav/glbl.v" into library xil_defaultlib
INFO: [VRFC 10-311] analyzing module glbl
INFO: [USF-XSim-69] 'compile' step finished in '1' seconds
INFO: [USF-XSim-3] XSim::Elaborate design
INFO: [USF-XSim-61] Executing 'ELABORATE' step in 'D:/vivado/counter_2/counter_2.sim/sim_1/behav'
Vivado Simulator 2017.1
Copyright 1986-1999, 2001-2016 Xilinx, Inc. All Rights Reserved.
Running: D:/Xilinx/Vivado/2017.1/bin/unwrapped/win64.o/xelab.exe -wto 94fff859a8d04a178981d236e5f8dc08 --debug typical --relax --mt 2 -L xil_defaultlib -L unisims_ver -L unimacro_ver -L secureip -L xpm --snapshot counter_sim_behav xil_defaultlib.counter_sim xil_defaultlib.glbl -log elaborate.log 
Using 2 slave threads.
Starting static elaboration
Completed static elaboration
Starting simulation data flow analysis
Completed simulation data flow analysis
Time Resolution for simulation is 1ps
Compiling module xil_defaultlib.AND
Compiling module xil_defaultlib.design_1_AND_0_0
Compiling module xil_defaultlib.design_1_AND_1_0
Compiling module xil_defaultlib.design_1_AND_2_0
Compiling module xil_defaultlib.design_1_AND_3_0
Compiling module xil_defaultlib.design_1_AND_4_0
Compiling module xil_defaultlib.JK_f_f
Compiling module xil_defaultlib.design_1_JK_f_f_0_0
Compiling module xil_defaultlib.design_1_JK_f_f_1_0
Compiling module xil_defaultlib.design_1_JK_f_f_2_0
Compiling module xil_defaultlib.design_1_JK_f_f_3_0
Compiling module xil_defaultlib.design_1
Compiling module xil_defaultlib.counter_sim
Compiling module xil_defaultlib.glbl
Built simulation snapshot counter_sim_behav

****** Webtalk v2017.1 (64-bit)
  **** SW Build 1846317 on Fri Apr 14 18:55:03 MDT 2017
  **** IP Build 1846188 on Fri Apr 14 20:52:08 MDT 2017
    ** Copyright 1986-2017 Xilinx, Inc. All Rights Reserved.

source D:/vivado/counter_2/counter_2.sim/sim_1/behav/xsim.dir/counter_sim_behav/webtalk/xsim_webtalk.tcl -notrace
INFO: [Common 17-186] 'D:/vivado/counter_2/counter_2.sim/sim_1/behav/xsim.dir/counter_sim_behav/webtalk/usage_statistics_ext_xsim.xml' has been successfully sent to Xilinx on Thu Jun  8 10:59:11 2017. For additional details about this file, please refer to the WebTalk help file at D:/Xilinx/Vivado/2017.1/doc/webtalk_introduction.html.
INFO: [Common 17-206] Exiting Webtalk at Thu Jun  8 10:59:11 2017...
run_program: Time (s): cpu = 00:00:02 ; elapsed = 00:00:06 . Memory (MB): peak = 777.059 ; gain = 0.000
INFO: [USF-XSim-69] 'elaborate' step finished in '7' seconds
INFO: [USF-XSim-4] XSim::Simulate design
INFO: [USF-XSim-61] Executing 'SIMULATE' step in 'D:/vivado/counter_2/counter_2.sim/sim_1/behav'
INFO: [USF-XSim-98] *** Running xsim
   with args "counter_sim_behav -key {Behavioral:sim_1:Functional:counter_sim} -tclbatch {counter_sim.tcl} -log {simulate.log}"
INFO: [USF-XSim-8] Loading simulator feature
Vivado Simulator 2017.1
Time resolution is 1 ps
source counter_sim.tcl
# set curr_wave [current_wave_config]
# if { [string length $curr_wave] == 0 } {
#   if { [llength [get_objects]] > 0} {
#     add_wave /
#     set_property needs_save false [current_wave_config]
#   } else {
#      send_msg_id Add_Wave-1 WARNING "No top level signals found. Simulator will start without a wave window. If you want to open a wave window go to 'File->New Waveform Configuration' or type 'create_wave_config' in the TCL console."
#   }
# }
# run 1000ns
INFO: [USF-XSim-96] XSim completed. Design snapshot 'counter_sim_behav' loaded.
INFO: [USF-XSim-97] XSim simulation ran for 1000ns
launch_simulation: Time (s): cpu = 00:00:10 ; elapsed = 00:00:11 . Memory (MB): peak = 792.719 ; gain = 15.660
close_sim
INFO: [Simtcl 6-16] Simulation closed
close_sim: Time (s): cpu = 00:00:02 ; elapsed = 00:00:10 . Memory (MB): peak = 817.113 ; gain = 0.000
exit
INFO: [Common 17-206] Exiting Vivado at Thu Jun  8 11:13:20 2017...
