#-----------------------------------------------------------
# Vivado v2017.1 (64-bit)
# SW Build 1846317 on Fri Apr 14 18:55:03 MDT 2017
# IP Build 1846188 on Fri Apr 14 20:52:08 MDT 2017
# Start of session at: Tue Jun 20 14:40:00 2017
# Process ID: 4000
# Current directory: D:/vivado/elevator_controller1
# Command line: vivado.exe -gui_launcher_event rodinguilauncherevent11120 D:\vivado\elevator_controller1\elevator_controller1.xpr
# Log file: D:/vivado/elevator_controller1/vivado.log
# Journal file: D:/vivado/elevator_controller1\vivado.jou
#-----------------------------------------------------------
start_gui
open_project D:/vivado/elevator_controller1/elevator_controller1.xpr
Scanning sources...
Finished scanning sources
INFO: [IP_Flow 19-234] Refreshing IP repositories
INFO: [IP_Flow 19-1704] No user IP repositories specified
INFO: [IP_Flow 19-2313] Loaded Vivado IP repository 'D:/Xilinx/Vivado/2017.1/data/ip'.
open_project: Time (s): cpu = 00:00:16 ; elapsed = 00:00:06 . Memory (MB): peak = 797.328 ; gain = 34.273
update_compile_order -fileset sources_1
exit
INFO: [Common 17-206] Exiting Vivado at Tue Jun 20 14:40:51 2017...
