#-----------------------------------------------------------
# Vivado v2017.1 (64-bit)
# SW Build 1846317 on Fri Apr 14 18:55:03 MDT 2017
# IP Build 1846188 on Fri Apr 14 20:52:08 MDT 2017
# Start of session at: Tue Jun 20 14:38:20 2017
# Process ID: 11040
# Current directory: D:/vivado/elevator_controller1
# Command line: vivado.exe -gui_launcher_event rodinguilauncherevent8444 D:\vivado\elevator_controller1\elevator_controller1.xpr
# Log file: D:/vivado/elevator_controller1/vivado.log
# Journal file: D:/vivado/elevator_controller1\vivado.jou
#-----------------------------------------------------------
start_gui
open_project D:/vivado/elevator_controller1/elevator_controller1.xpr
Scanning sources...
Finished scanning sources
INFO: [IP_Flow 19-234] Refreshing IP repositories
INFO: [IP_Flow 19-1704] No user IP repositories specified
INFO: [IP_Flow 19-2313] Loaded Vivado IP repository 'D:/Xilinx/Vivado/2017.1/data/ip'.
open_project: Time (s): cpu = 00:00:17 ; elapsed = 00:00:07 . Memory (MB): peak = 797.391 ; gain = 90.422
update_compile_order -fileset sources_1
exit
INFO: [Common 17-206] Exiting Vivado at Tue Jun 20 14:39:53 2017...
