Exception at PC 0x00007FFE539E3C58
Unable to capture context for thread 14068 in process 10732, can not generate back trace
Exception at PC 0x00007FFE539E3C58
Unable to capture context for thread 12768 in process 10732, can not generate back trace
Unable to capture context for thread 5544 in process 10732, can not generate back trace
Unable to capture context for thread 7760 in process 10732, can not generate back trace
Exception at PC 0x00007FFE539E3C58
Unable to capture context for thread 12768 in process 10732, can not generate back trace
Unable to capture context for thread 5544 in process 10732, can not generate back trace
Unable to capture context for thread 7760 in process 10732, can not generate back trace
Exception at PC 0x00007FFDDF71BB93
Printing stacktrace...

Exception at PC 0x00007FFE539E3C58
Exception at PC 0x00007FFE539E3C58
Exception at PC 0x00007FFE539E3C58
Exception at PC 0x00007FFE539E3C58
Exception at PC 0x00007FFE539E3C58
Exception at PC 0x00007FFE539E3C58
Exception at PC 0x00007FFE539E3C58
Exception at PC 0x00007FFE539E3C58
Exception at PC 0x00007FFE539E3C58
Exception at PC 0x00007FFE539E3C58
Exception at PC 0x00007FFE539E3C58
Exception at PC 0x00007FFE539E3C58
Exception at PC 0x00007FFE539E3C58
Exception at PC 0x00007FFE539E3C58
Exception at PC 0x00007FFE539E3C58
[0]  [0x00007FFDDF71BB93]
[1]  [0x00007FFDDF71BB93]
[2]  [0x00007FFDDF71B4A1]
[3]  [0x00007FFDDF71B3EF]
[4]  [0x00007FFDDF7019FE]
[5]  [0x00007FFDDF700ED1]
[6]  [0x00007FFDDF700D76]
[7]  [0x00007FFDDF6A79F6]
[8]  [0x00007FFDDF697AFB]
[9]  [0x00007FFDDF7BE90A]
[10]  [0x00007FFDDF7D9F87]
[11]  [0x00007FFDDF7DA05F]
[12] (BaseThreadInitThunk+0x14) [0x00007FFE566D8364]
[13] (RtlUserThreadStart+0x21) [0x00007FFE569170D1]
Done
Exception at PC 0x00007FFDDF421A52
Attemped to write at address 0x00007FFE26A99BA4
Printing stacktrace...

[0]  [0x00007FFDDF421A52]
[1]  [0x00007FFDDF421A52]
[2]  [0x00007FFDDF421AD4]
[3]  [0x00007FFDDF563FF7]
[4]  [0x00007FFDDF449128]
[5]  [0x00007FFDDF6FDFB9]
[6]  [0x00007FFDDF8CEF23]
[7]  [0x00007FFDDF7DB06B]
[8]  [0x00007FFDDF7D08AF]
[9]  [0x00007FFDDF7D0A32]
[10] (RtlDeactivateActivationContextUnsafeFast+0x1bf) [0x00007FFE568DA35F]
[11] (LdrShutdownProcess+0x14b) [0x00007FFE568B806B]
[12] (RtlExitUserProcess+0xb4) [0x00007FFE568B7D94]
[13] (ExitProcess+0xa) [0x00007FFE566ECE6A]
[14] (exit+0x85) [0x00007FFE55FFA4A5]
[15] (initterm_e+0x231) [0x00007FFE55FFAB01]
[16]  [0x00000000004014CD]
[17]  [0x000000000040151B]
[18] (BaseThreadInitThunk+0x14) [0x00007FFE566D8364]
[19] (RtlUserThreadStart+0x21) [0x00007FFE569170D1]
Done
