INFO: [VRFC 10-2263] Analyzing Verilog file "D:/vivado/4_beat_generator/4_beat_generator.srcs/sources_1/ipshared/xilinx.com/D_trigger_v1_0/320358bc/D_trigger.v" into library xil_defaultlib
INFO: [VRFC 10-311] analyzing module D_trigger
INFO: [VRFC 10-2263] Analyzing Verilog file "D:/vivado/4_beat_generator/4_beat_generator.ip_user_files/bd/design_1/ip/design_1_D_trigger_0_0/sim/design_1_D_trigger_0_0.v" into library xil_defaultlib
INFO: [VRFC 10-311] analyzing module design_1_D_trigger_0_0
INFO: [VRFC 10-2263] Analyzing Verilog file "D:/vivado/4_beat_generator/4_beat_generator.ip_user_files/bd/design_1/ip/design_1_D_trigger_1_0/sim/design_1_D_trigger_1_0.v" into library xil_defaultlib
INFO: [VRFC 10-311] analyzing module design_1_D_trigger_1_0
INFO: [VRFC 10-2263] Analyzing Verilog file "D:/vivado/4_beat_generator/4_beat_generator.ip_user_files/bd/design_1/ip/design_1_D_trigger_2_0/sim/design_1_D_trigger_2_0.v" into library xil_defaultlib
INFO: [VRFC 10-311] analyzing module design_1_D_trigger_2_0
INFO: [VRFC 10-2263] Analyzing Verilog file "D:/vivado/4_beat_generator/4_beat_generator.ip_user_files/bd/design_1/ip/design_1_D_trigger_3_0/sim/design_1_D_trigger_3_0.v" into library xil_defaultlib
INFO: [VRFC 10-311] analyzing module design_1_D_trigger_3_0
INFO: [VRFC 10-2263] Analyzing Verilog file "D:/vivado/4_beat_generator/4_beat_generator.ip_user_files/bd/design_1/hdl/design_1.v" into library xil_defaultlib
INFO: [VRFC 10-311] analyzing module design_1
INFO: [VRFC 10-2263] Analyzing Verilog file "D:/vivado/4_beat_generator/4_beat_generator.srcs/sources_1/bd/design_1/hdl/design_1_wrapper.v" into library xil_defaultlib
INFO: [VRFC 10-311] analyzing module design_1_wrapper
INFO: [VRFC 10-2263] Analyzing Verilog file "D:/vivado/4_beat_generator/4_beat_generator.srcs/sim_1/new/test.v" into library xil_defaultlib
INFO: [VRFC 10-311] analyzing module test
INFO: [VRFC 10-2263] Analyzing Verilog file "D:/vivado/4_beat_generator/4_beat_generator.sim/sim_1/behav/glbl.v" into library xil_defaultlib
INFO: [VRFC 10-311] analyzing module glbl
INFO: [VRFC 10-163] Analyzing VHDL file "D:/vivado/4_beat_generator/4_beat_generator.srcs/sources_1/ipshared/xilinx.com/util_vector_logic_v2_0/5ac42227/hdl/util_vector_logic.vhd" into library util_vector_logic_v2_0
INFO: [VRFC 10-307] analyzing entity util_vector_logic
INFO: [VRFC 10-163] Analyzing VHDL file "D:/vivado/4_beat_generator/4_beat_generator.ip_user_files/bd/design_1/ip/design_1_util_vector_logic_0_0/sim/design_1_util_vector_logic_0_0.vhd" into library xil_defaultlib
INFO: [VRFC 10-307] analyzing entity design_1_util_vector_logic_0_0
INFO: [VRFC 10-163] Analyzing VHDL file "D:/vivado/4_beat_generator/4_beat_generator.ip_user_files/bd/design_1/ip/design_1_util_vector_logic_1_0/sim/design_1_util_vector_logic_1_0.vhd" into library xil_defaultlib
INFO: [VRFC 10-307] analyzing entity design_1_util_vector_logic_1_0
INFO: [VRFC 10-163] Analyzing VHDL file "D:/vivado/4_beat_generator/4_beat_generator.ip_user_files/bd/design_1/ip/design_1_util_vector_logic_2_0/sim/design_1_util_vector_logic_2_0.vhd" into library xil_defaultlib
INFO: [VRFC 10-307] analyzing entity design_1_util_vector_logic_2_0
