
*** Running vivado
    with args -log design_1_wrapper.vds -m64 -mode batch -messageDb vivado.pb -source design_1_wrapper.tcl


****** Vivado v2014.4 (64-bit)
  **** SW Build 1071353 on Tue Nov 18 18:24:04 MST 2014
  **** IP Build 1070531 on Tue Nov 18 01:10:18 MST 2014
    ** Copyright 1986-2014 Xilinx, Inc. All Rights Reserved.

source design_1_wrapper.tcl
# set_param gui.test TreeTableDev
# debug::add_scope template.lib 1
# set_msg_config -id {HDL 9-1061} -limit 100000
# set_msg_config -id {HDL 9-1654} -limit 100000
# set_msg_config -id {HDL-1065} -limit 10000
# create_project -in_memory -part xc7a35tcsg324-3
# set_param project.compositeFile.enableAutoGeneration 0
# set_param synth.vivado.isSynthRun true
# set_msg_config -id {IP_Flow 19-2162} -severity warning -new_severity info
# set_property webtalk.parent_dir E:/Projects/4_beat_generator/4_beat_generator.cache/wt [current_project]
# set_property parent.project_path E:/Projects/4_beat_generator/4_beat_generator.xpr [current_project]
# set_property default_lib xil_defaultlib [current_project]
# set_property target_language Verilog [current_project]
# set_property ip_repo_paths E:/Projects/D_trigger/D_trigger.srcs [current_project]
# add_files E:/Projects/4_beat_generator/4_beat_generator.srcs/sources_1/bd/design_1/design_1.bd
INFO: [IP_Flow 19-234] Refreshing IP repositories
INFO: [IP_Flow 19-1700] Loaded user IP repository 'e:/Projects/D_trigger/D_trigger.srcs'.
INFO: [IP_Flow 19-2313] Loaded Vivado IP repository 'E:/Xilinx/Vivado/2014.4/data/ip'.
# set_property used_in_implementation false [get_files -all E:/Projects/4_beat_generator/4_beat_generator.srcs/sources_1/bd/design_1/design_1_ooc.xdc]
# set_property is_locked true [get_files E:/Projects/4_beat_generator/4_beat_generator.srcs/sources_1/bd/design_1/design_1.bd]
# read_verilog -library xil_defaultlib E:/Projects/4_beat_generator/4_beat_generator.srcs/sources_1/bd/design_1/hdl/design_1_wrapper.v
# read_xdc dont_touch.xdc
# set_property used_in_implementation false [get_files dont_touch.xdc]
# catch { write_hwdef -file design_1_wrapper.hwdef }
# synth_design -top design_1_wrapper -part xc7a35tcsg324-3
Command: synth_design -top design_1_wrapper -part xc7a35tcsg324-3
Starting synth_design
Attempting to get a license for feature 'Synthesis' and/or device 'xc7a35t'
INFO: [Common 17-349] Got license for feature 'Synthesis' and/or device 'xc7a35t'
INFO: [Common 17-1223] The version limit for your license is '2015.06' and will expire in -708 days. A version limit expiration means that, although you may be able to continue to use the current version of tools or IP with this license, you will not be eligible for any updates or new releases.
---------------------------------------------------------------------------------
Starting RTL Elaboration : Time (s): cpu = 00:00:04 ; elapsed = 00:00:04 . Memory (MB): peak = 247.871 ; gain = 92.484
---------------------------------------------------------------------------------
INFO: [Synth 8-638] synthesizing module 'design_1_wrapper' [E:/Projects/4_beat_generator/4_beat_generator.srcs/sources_1/bd/design_1/hdl/design_1_wrapper.v:12]
INFO: [Synth 8-638] synthesizing module 'design_1' [E:/Projects/4_beat_generator/4_beat_generator.srcs/sources_1/bd/design_1/hdl/design_1.v:12]
INFO: [Synth 8-638] synthesizing module 'design_1_D_trigger_0_0' [e:/Projects/4_beat_generator/4_beat_generator.srcs/sources_1/bd/design_1/ip/design_1_D_trigger_0_0/synth/design_1_D_trigger_0_0.v:57]
INFO: [Synth 8-638] synthesizing module 'D_trigger' [e:/Projects/4_beat_generator/4_beat_generator.srcs/sources_1/ipshared/xilinx.com/D_trigger_v1_0/320358bc/D_trigger.v:23]
INFO: [Synth 8-256] done synthesizing module 'D_trigger' (1#1) [e:/Projects/4_beat_generator/4_beat_generator.srcs/sources_1/ipshared/xilinx.com/D_trigger_v1_0/320358bc/D_trigger.v:23]
INFO: [Synth 8-256] done synthesizing module 'design_1_D_trigger_0_0' (2#1) [e:/Projects/4_beat_generator/4_beat_generator.srcs/sources_1/bd/design_1/ip/design_1_D_trigger_0_0/synth/design_1_D_trigger_0_0.v:57]
INFO: [Synth 8-638] synthesizing module 'design_1_D_trigger_1_0' [e:/Projects/4_beat_generator/4_beat_generator.srcs/sources_1/bd/design_1/ip/design_1_D_trigger_1_0/synth/design_1_D_trigger_1_0.v:57]
INFO: [Synth 8-256] done synthesizing module 'design_1_D_trigger_1_0' (3#1) [e:/Projects/4_beat_generator/4_beat_generator.srcs/sources_1/bd/design_1/ip/design_1_D_trigger_1_0/synth/design_1_D_trigger_1_0.v:57]
INFO: [Synth 8-638] synthesizing module 'design_1_D_trigger_2_0' [e:/Projects/4_beat_generator/4_beat_generator.srcs/sources_1/bd/design_1/ip/design_1_D_trigger_2_0/synth/design_1_D_trigger_2_0.v:57]
INFO: [Synth 8-256] done synthesizing module 'design_1_D_trigger_2_0' (4#1) [e:/Projects/4_beat_generator/4_beat_generator.srcs/sources_1/bd/design_1/ip/design_1_D_trigger_2_0/synth/design_1_D_trigger_2_0.v:57]
INFO: [Synth 8-638] synthesizing module 'design_1_D_trigger_3_0' [e:/Projects/4_beat_generator/4_beat_generator.srcs/sources_1/bd/design_1/ip/design_1_D_trigger_3_0/synth/design_1_D_trigger_3_0.v:57]
INFO: [Synth 8-256] done synthesizing module 'design_1_D_trigger_3_0' (5#1) [e:/Projects/4_beat_generator/4_beat_generator.srcs/sources_1/bd/design_1/ip/design_1_D_trigger_3_0/synth/design_1_D_trigger_3_0.v:57]
INFO: [Synth 8-638] synthesizing module 'design_1_util_vector_logic_0_0' [e:/Projects/4_beat_generator/4_beat_generator.srcs/sources_1/bd/design_1/ip/design_1_util_vector_logic_0_0/synth/design_1_util_vector_logic_0_0.vhd:67]
	Parameter C_OPERATION bound to: or - type: string 
	Parameter C_SIZE bound to: 1 - type: integer 
INFO: [Synth 8-3491] module 'util_vector_logic' declared at 'e:/Projects/4_beat_generator/4_beat_generator.srcs/sources_1/ipshared/xilinx.com/util_vector_logic_v2_0/5ac42227/hdl/util_vector_logic.vhd:76' bound to instance 'U0' of component 'util_vector_logic' [e:/Projects/4_beat_generator/4_beat_generator.srcs/sources_1/bd/design_1/ip/design_1_util_vector_logic_0_0/synth/design_1_util_vector_logic_0_0.vhd:89]
INFO: [Synth 8-638] synthesizing module 'util_vector_logic__parameterized0' [e:/Projects/4_beat_generator/4_beat_generator.srcs/sources_1/ipshared/xilinx.com/util_vector_logic_v2_0/5ac42227/hdl/util_vector_logic.vhd:88]
	Parameter C_OPERATION bound to: or - type: string 
	Parameter C_SIZE bound to: 1 - type: integer 
INFO: [Synth 8-256] done synthesizing module 'util_vector_logic__parameterized0' (6#1) [e:/Projects/4_beat_generator/4_beat_generator.srcs/sources_1/ipshared/xilinx.com/util_vector_logic_v2_0/5ac42227/hdl/util_vector_logic.vhd:88]
INFO: [Synth 8-256] done synthesizing module 'design_1_util_vector_logic_0_0' (7#1) [e:/Projects/4_beat_generator/4_beat_generator.srcs/sources_1/bd/design_1/ip/design_1_util_vector_logic_0_0/synth/design_1_util_vector_logic_0_0.vhd:67]
INFO: [Synth 8-638] synthesizing module 'design_1_util_vector_logic_1_0' [e:/Projects/4_beat_generator/4_beat_generator.srcs/sources_1/bd/design_1/ip/design_1_util_vector_logic_1_0/synth/design_1_util_vector_logic_1_0.vhd:66]
	Parameter C_OPERATION bound to: not - type: string 
	Parameter C_SIZE bound to: 1 - type: integer 
INFO: [Synth 8-3491] module 'util_vector_logic' declared at 'e:/Projects/4_beat_generator/4_beat_generator.srcs/sources_1/ipshared/xilinx.com/util_vector_logic_v2_0/5ac42227/hdl/util_vector_logic.vhd:76' bound to instance 'U0' of component 'util_vector_logic' [e:/Projects/4_beat_generator/4_beat_generator.srcs/sources_1/bd/design_1/ip/design_1_util_vector_logic_1_0/synth/design_1_util_vector_logic_1_0.vhd:88]
INFO: [Synth 8-638] synthesizing module 'util_vector_logic__parameterized2' [e:/Projects/4_beat_generator/4_beat_generator.srcs/sources_1/ipshared/xilinx.com/util_vector_logic_v2_0/5ac42227/hdl/util_vector_logic.vhd:88]
	Parameter C_OPERATION bound to: not - type: string 
	Parameter C_SIZE bound to: 1 - type: integer 
INFO: [Synth 8-256] done synthesizing module 'util_vector_logic__parameterized2' (7#1) [e:/Projects/4_beat_generator/4_beat_generator.srcs/sources_1/ipshared/xilinx.com/util_vector_logic_v2_0/5ac42227/hdl/util_vector_logic.vhd:88]
INFO: [Synth 8-256] done synthesizing module 'design_1_util_vector_logic_1_0' (8#1) [e:/Projects/4_beat_generator/4_beat_generator.srcs/sources_1/bd/design_1/ip/design_1_util_vector_logic_1_0/synth/design_1_util_vector_logic_1_0.vhd:66]
INFO: [Synth 8-638] synthesizing module 'design_1_util_vector_logic_2_0' [e:/Projects/4_beat_generator/4_beat_generator.srcs/sources_1/bd/design_1/ip/design_1_util_vector_logic_2_0/synth/design_1_util_vector_logic_2_0.vhd:67]
	Parameter C_OPERATION bound to: or - type: string 
	Parameter C_SIZE bound to: 1 - type: integer 
INFO: [Synth 8-3491] module 'util_vector_logic' declared at 'e:/Projects/4_beat_generator/4_beat_generator.srcs/sources_1/ipshared/xilinx.com/util_vector_logic_v2_0/5ac42227/hdl/util_vector_logic.vhd:76' bound to instance 'U0' of component 'util_vector_logic' [e:/Projects/4_beat_generator/4_beat_generator.srcs/sources_1/bd/design_1/ip/design_1_util_vector_logic_2_0/synth/design_1_util_vector_logic_2_0.vhd:89]
INFO: [Synth 8-256] done synthesizing module 'design_1_util_vector_logic_2_0' (9#1) [e:/Projects/4_beat_generator/4_beat_generator.srcs/sources_1/bd/design_1/ip/design_1_util_vector_logic_2_0/synth/design_1_util_vector_logic_2_0.vhd:67]
INFO: [Synth 8-256] done synthesizing module 'design_1' (10#1) [E:/Projects/4_beat_generator/4_beat_generator.srcs/sources_1/bd/design_1/hdl/design_1.v:12]
INFO: [Synth 8-256] done synthesizing module 'design_1_wrapper' (11#1) [E:/Projects/4_beat_generator/4_beat_generator.srcs/sources_1/bd/design_1/hdl/design_1_wrapper.v:12]
---------------------------------------------------------------------------------
Finished RTL Elaboration : Time (s): cpu = 00:00:04 ; elapsed = 00:00:05 . Memory (MB): peak = 281.984 ; gain = 126.598
---------------------------------------------------------------------------------

Report Check Netlist: 
+------+------------------+-------+---------+-------+------------------+
|      |Item              |Errors |Warnings |Status |Description       |
+------+------------------+-------+---------+-------+------------------+
|1     |multi_driven_nets |      0|        0|Passed |Multi driven nets |
+------+------------------+-------+---------+-------+------------------+
---------------------------------------------------------------------------------
Finished RTL Optimization Phase 1 : Time (s): cpu = 00:00:05 ; elapsed = 00:00:05 . Memory (MB): peak = 281.984 ; gain = 126.598
---------------------------------------------------------------------------------
Loading clock regions from E:/Xilinx/Vivado/2014.4/data\parts/xilinx/artix7/artix7/xc7a35t/ClockRegion.xml
Loading clock buffers from E:/Xilinx/Vivado/2014.4/data\parts/xilinx/artix7/artix7/xc7a35t/ClockBuffers.xml
Loading clock placement rules from E:/Xilinx/Vivado/2014.4/data/parts/xilinx/artix7/ClockPlacerRules.xml
Loading package pin functions from E:/Xilinx/Vivado/2014.4/data\parts/xilinx/artix7/PinFunctions.xml...
Loading package from E:/Xilinx/Vivado/2014.4/data\parts/xilinx/artix7/artix7/xc7a35t/csg324/Package.xml
Loading io standards from E:/Xilinx/Vivado/2014.4/data\./parts/xilinx/artix7/IOStandards.xml
Loading device configuration modes from E:/Xilinx/Vivado/2014.4/data\parts/xilinx/artix7/ConfigModes.xml
INFO: [Project 1-570] Preparing netlist for logic optimization

Processing XDC Constraints
Initializing timing engine
Parsing XDC File [E:/Projects/4_beat_generator/4_beat_generator.runs/synth_1/dont_touch.xdc]
Finished Parsing XDC File [E:/Projects/4_beat_generator/4_beat_generator.runs/synth_1/dont_touch.xdc]
Completed Processing XDC Constraints

INFO: [Project 1-111] Unisim Transformation Summary:
No Unisim elements were transformed.

Constraint Validation Runtime : Time (s): cpu = 00:00:00 ; elapsed = 00:00:00 . Memory (MB): peak = 513.352 ; gain = 0.000
---------------------------------------------------------------------------------
Finished Constraint Validation : Time (s): cpu = 00:00:10 ; elapsed = 00:00:11 . Memory (MB): peak = 513.352 ; gain = 357.965
---------------------------------------------------------------------------------
---------------------------------------------------------------------------------
Start Loading Part and Timing Information
---------------------------------------------------------------------------------
Loading part: xc7a35tcsg324-3
---------------------------------------------------------------------------------
Finished Loading Part and Timing Information : Time (s): cpu = 00:00:10 ; elapsed = 00:00:11 . Memory (MB): peak = 513.352 ; gain = 357.965
---------------------------------------------------------------------------------
---------------------------------------------------------------------------------
Start Applying 'set_property' XDC Constraints
---------------------------------------------------------------------------------
Applied set_property DONT_TOUCH = true for design_1_i. (constraint file  E:/Projects/4_beat_generator/4_beat_generator.runs/synth_1/dont_touch.xdc, line 5).
Applied set_property DONT_TOUCH = true for design_1_i/D_trigger_0. (constraint file  E:/Projects/4_beat_generator/4_beat_generator.runs/synth_1/dont_touch.xdc, line 8).
Applied set_property DONT_TOUCH = true for design_1_i/D_trigger_1. (constraint file  E:/Projects/4_beat_generator/4_beat_generator.runs/synth_1/dont_touch.xdc, line 11).
Applied set_property DONT_TOUCH = true for design_1_i/D_trigger_2. (constraint file  E:/Projects/4_beat_generator/4_beat_generator.runs/synth_1/dont_touch.xdc, line 14).
Applied set_property DONT_TOUCH = true for design_1_i/D_trigger_3. (constraint file  E:/Projects/4_beat_generator/4_beat_generator.runs/synth_1/dont_touch.xdc, line 17).
Applied set_property DONT_TOUCH = true for design_1_i/util_vector_logic_0. (constraint file  E:/Projects/4_beat_generator/4_beat_generator.runs/synth_1/dont_touch.xdc, line 20).
Applied set_property DONT_TOUCH = true for design_1_i/util_vector_logic_1. (constraint file  E:/Projects/4_beat_generator/4_beat_generator.runs/synth_1/dont_touch.xdc, line 23).
Applied set_property DONT_TOUCH = true for design_1_i/util_vector_logic_2. (constraint file  E:/Projects/4_beat_generator/4_beat_generator.runs/synth_1/dont_touch.xdc, line 26).
---------------------------------------------------------------------------------
Finished applying 'set_property' XDC Constraints : Time (s): cpu = 00:00:10 ; elapsed = 00:00:11 . Memory (MB): peak = 513.352 ; gain = 357.965
---------------------------------------------------------------------------------
---------------------------------------------------------------------------------
Finished RTL Optimization Phase 2 : Time (s): cpu = 00:00:10 ; elapsed = 00:00:11 . Memory (MB): peak = 513.352 ; gain = 357.965
---------------------------------------------------------------------------------

Report RTL Partitions: 
+-+--------------+------------+----------+
| |RTL Partition |Replication |Instances |
+-+--------------+------------+----------+
+-+--------------+------------+----------+
---------------------------------------------------------------------------------
Start RTL Component Statistics 
---------------------------------------------------------------------------------
Detailed RTL Component Info : 
+---Registers : 
	                1 Bit    Registers := 4     
---------------------------------------------------------------------------------
Finished RTL Component Statistics 
---------------------------------------------------------------------------------
---------------------------------------------------------------------------------
Start RTL Hierarchical Component Statistics 
---------------------------------------------------------------------------------
Hierarchical RTL Component report 
Module design_1_wrapper 
Detailed RTL Component Info : 
Module D_trigger 
Detailed RTL Component Info : 
+---Registers : 
	                1 Bit    Registers := 1     
Module design_1_D_trigger_0_0 
Detailed RTL Component Info : 
Module design_1_D_trigger_1_0 
Detailed RTL Component Info : 
Module design_1_D_trigger_2_0 
Detailed RTL Component Info : 
Module design_1_D_trigger_3_0 
Detailed RTL Component Info : 
Module util_vector_logic__parameterized0 
Detailed RTL Component Info : 
Module design_1_util_vector_logic_0_0 
Detailed RTL Component Info : 
Module util_vector_logic__parameterized2 
Detailed RTL Component Info : 
Module design_1_util_vector_logic_1_0 
Detailed RTL Component Info : 
Module design_1_util_vector_logic_2_0 
Detailed RTL Component Info : 
Module design_1 
Detailed RTL Component Info : 
---------------------------------------------------------------------------------
Finished RTL Hierarchical Component Statistics
---------------------------------------------------------------------------------
---------------------------------------------------------------------------------
Start Part Resource Summary
---------------------------------------------------------------------------------
Part Resources:
DSPs: 120 (col length:60)
BRAMs: 150 (col length: RAMB18 60 RAMB36 30)
---------------------------------------------------------------------------------
Finished Part Resource Summary
---------------------------------------------------------------------------------
Start Parallel Synthesis Optimization  : Time (s): cpu = 00:00:10 ; elapsed = 00:00:11 . Memory (MB): peak = 513.352 ; gain = 357.965
---------------------------------------------------------------------------------
Start Cross Boundary Optimization
---------------------------------------------------------------------------------
---------------------------------------------------------------------------------
Finished Cross Boundary Optimization : Time (s): cpu = 00:00:10 ; elapsed = 00:00:11 . Memory (MB): peak = 513.352 ; gain = 357.965
---------------------------------------------------------------------------------
Finished Parallel Reinference  : Time (s): cpu = 00:00:10 ; elapsed = 00:00:11 . Memory (MB): peak = 513.352 ; gain = 357.965

Report RTL Partitions: 
+-+--------------+------------+----------+
| |RTL Partition |Replication |Instances |
+-+--------------+------------+----------+
+-+--------------+------------+----------+
---------------------------------------------------------------------------------
Start RAM, DSP and Shift Register Reporting
---------------------------------------------------------------------------------
---------------------------------------------------------------------------------
Finished RAM, DSP and Shift Register Reporting
---------------------------------------------------------------------------------
---------------------------------------------------------------------------------
Start Area Optimization
---------------------------------------------------------------------------------
---------------------------------------------------------------------------------
Finished Area Optimization : Time (s): cpu = 00:00:10 ; elapsed = 00:00:12 . Memory (MB): peak = 513.352 ; gain = 357.965
---------------------------------------------------------------------------------
---------------------------------------------------------------------------------
Finished Area Optimization : Time (s): cpu = 00:00:10 ; elapsed = 00:00:12 . Memory (MB): peak = 513.352 ; gain = 357.965
---------------------------------------------------------------------------------
Finished Parallel Area Optimization  : Time (s): cpu = 00:00:10 ; elapsed = 00:00:12 . Memory (MB): peak = 513.352 ; gain = 357.965

Report RTL Partitions: 
+-+--------------+------------+----------+
| |RTL Partition |Replication |Instances |
+-+--------------+------------+----------+
+-+--------------+------------+----------+
Finished Parallel Synthesis Optimization  : Time (s): cpu = 00:00:10 ; elapsed = 00:00:12 . Memory (MB): peak = 513.352 ; gain = 357.965
---------------------------------------------------------------------------------
Start Timing Optimization
---------------------------------------------------------------------------------
---------------------------------------------------------------------------------
Start Applying XDC Timing Constraints
---------------------------------------------------------------------------------
---------------------------------------------------------------------------------
Finished Applying XDC Timing Constraints : Time (s): cpu = 00:00:20 ; elapsed = 00:00:21 . Memory (MB): peak = 544.359 ; gain = 388.973
---------------------------------------------------------------------------------
---------------------------------------------------------------------------------
Finished Timing Optimization : Time (s): cpu = 00:00:20 ; elapsed = 00:00:21 . Memory (MB): peak = 544.359 ; gain = 388.973
---------------------------------------------------------------------------------

Report RTL Partitions: 
+-+--------------+------------+----------+
| |RTL Partition |Replication |Instances |
+-+--------------+------------+----------+
+-+--------------+------------+----------+
---------------------------------------------------------------------------------
Start Technology Mapping
---------------------------------------------------------------------------------
---------------------------------------------------------------------------------
Finished Technology Mapping : Time (s): cpu = 00:00:20 ; elapsed = 00:00:21 . Memory (MB): peak = 553.980 ; gain = 398.594
---------------------------------------------------------------------------------

Report RTL Partitions: 
+-+--------------+------------+----------+
| |RTL Partition |Replication |Instances |
+-+--------------+------------+----------+
+-+--------------+------------+----------+
---------------------------------------------------------------------------------
Start IO Insertion
---------------------------------------------------------------------------------
---------------------------------------------------------------------------------
Start Flattening Before IO Insertion
---------------------------------------------------------------------------------
---------------------------------------------------------------------------------
Finished Flattening Before IO Insertion
---------------------------------------------------------------------------------
---------------------------------------------------------------------------------
Start Final Netlist Cleanup
---------------------------------------------------------------------------------
---------------------------------------------------------------------------------
Finished Final Netlist Cleanup
---------------------------------------------------------------------------------
---------------------------------------------------------------------------------
Finished IO Insertion : Time (s): cpu = 00:00:20 ; elapsed = 00:00:21 . Memory (MB): peak = 553.980 ; gain = 398.594
---------------------------------------------------------------------------------

Report Check Netlist: 
+------+------------------+-------+---------+-------+------------------+
|      |Item              |Errors |Warnings |Status |Description       |
+------+------------------+-------+---------+-------+------------------+
|1     |multi_driven_nets |      0|        0|Passed |Multi driven nets |
+------+------------------+-------+---------+-------+------------------+
---------------------------------------------------------------------------------
Start Renaming Generated Instances
---------------------------------------------------------------------------------
---------------------------------------------------------------------------------
Finished Renaming Generated Instances : Time (s): cpu = 00:00:20 ; elapsed = 00:00:21 . Memory (MB): peak = 553.980 ; gain = 398.594
---------------------------------------------------------------------------------

Report RTL Partitions: 
+-+--------------+------------+----------+
| |RTL Partition |Replication |Instances |
+-+--------------+------------+----------+
+-+--------------+------------+----------+
---------------------------------------------------------------------------------
Start Rebuilding User Hierarchy
---------------------------------------------------------------------------------
---------------------------------------------------------------------------------
Finished Rebuilding User Hierarchy : Time (s): cpu = 00:00:20 ; elapsed = 00:00:21 . Memory (MB): peak = 553.980 ; gain = 398.594
---------------------------------------------------------------------------------
---------------------------------------------------------------------------------
Start RAM, DSP and Shift Register Reporting
---------------------------------------------------------------------------------
---------------------------------------------------------------------------------
Finished RAM, DSP and Shift Register Reporting
---------------------------------------------------------------------------------
---------------------------------------------------------------------------------
Start Writing Synthesis Report
---------------------------------------------------------------------------------

Report BlackBoxes: 
+-+--------------+----------+
| |BlackBox name |Instances |
+-+--------------+----------+
+-+--------------+----------+

Report Cell Usage: 
+------+-----+------+
|      |Cell |Count |
+------+-----+------+
|1     |BUFG |     1|
|2     |LUT1 |     1|
|3     |LUT2 |     2|
|4     |FDCE |     4|
|5     |IBUF |     2|
|6     |OBUF |     4|
+------+-----+------+

Report Instance Areas: 
+------+------------------------+-------------------------------+------+
|      |Instance                |Module                         |Cells |
+------+------------------------+-------------------------------+------+
|1     |top                     |                               |    14|
|2     |  design_1_i            |design_1                       |     7|
|3     |    D_trigger_0         |design_1_D_trigger_0_0         |     1|
|4     |      inst              |D_trigger_2                    |     1|
|5     |    D_trigger_1         |design_1_D_trigger_1_0         |     1|
|6     |      inst              |D_trigger_1                    |     1|
|7     |    D_trigger_2         |design_1_D_trigger_2_0         |     1|
|8     |      inst              |D_trigger_0                    |     1|
|9     |    D_trigger_3         |design_1_D_trigger_3_0         |     1|
|10    |      inst              |D_trigger                      |     1|
|11    |    util_vector_logic_0 |design_1_util_vector_logic_0_0 |     1|
|12    |    util_vector_logic_1 |design_1_util_vector_logic_1_0 |     1|
|13    |    util_vector_logic_2 |design_1_util_vector_logic_2_0 |     1|
+------+------------------------+-------------------------------+------+
---------------------------------------------------------------------------------
Finished Writing Synthesis Report : Time (s): cpu = 00:00:20 ; elapsed = 00:00:21 . Memory (MB): peak = 553.980 ; gain = 398.594
---------------------------------------------------------------------------------
Synthesis finished with 0 errors, 0 critical warnings and 0 warnings.
Synthesis Optimization Runtime : Time (s): cpu = 00:00:00 ; elapsed = 00:00:16 . Memory (MB): peak = 553.980 ; gain = 123.676
Synthesis Optimization Complete : Time (s): cpu = 00:00:20 ; elapsed = 00:00:21 . Memory (MB): peak = 553.980 ; gain = 398.594
INFO: [Project 1-571] Translating synthesized netlist
INFO: [Netlist 29-17] Analyzing 2 Unisim elements for replacement
INFO: [Netlist 29-28] Unisim Transformation completed in 0 CPU seconds
INFO: [Project 1-570] Preparing netlist for logic optimization
INFO: [Opt 31-140] Inserted 0 IBUFs to IO ports without IO buffers.
INFO: [Opt 31-141] Inserted 0 OBUFs to IO ports without IO buffers.
INFO: [Opt 31-138] Pushed 0 inverter(s) to 0 load pin(s).
INFO: [Project 1-111] Unisim Transformation Summary:
No Unisim elements were transformed.

INFO: [Common 17-83] Releasing license: Synthesis
40 Infos, 0 Warnings, 0 Critical Warnings and 0 Errors encountered.
synth_design completed successfully
synth_design: Time (s): cpu = 00:00:20 ; elapsed = 00:00:20 . Memory (MB): peak = 556.840 ; gain = 357.902
# write_checkpoint -noxdef design_1_wrapper.dcp
# catch { report_utilization -file design_1_wrapper_utilization_synth.rpt -pb design_1_wrapper_utilization_synth.pb }
report_utilization: Time (s): cpu = 00:00:00 ; elapsed = 00:00:00.063 . Memory (MB): peak = 556.840 ; gain = 0.000
INFO: [Common 17-206] Exiting Vivado at Wed Jun 07 18:57:26 2017...
